<?xml version="1.0" encoding="UTF-8"?>
<testsuite name="is.laserinc.tictactoe.PlayerTest" tests="2" skipped="0" failures="0" errors="0" timestamp="2017-10-28T13:45:01" hostname="desktop-b1mmcql.hir.is" time="0.001">
  <properties/>
  <testcase name="checkInsertPlayer" classname="is.laserinc.tictactoe.PlayerTest" time="0.001"/>
  <testcase name="checkChangePlayer" classname="is.laserinc.tictactoe.PlayerTest" time="0.0"/>
  <system-out><![CDATA[]]></system-out>
  <system-err><![CDATA[]]></system-err>
</testsuite>
